<?xml version="1.0" encoding="UTF-8"?>
<!-- Generated by org.testng.reporters.JUnitReportReporter -->
<testsuite hostname="CHDSEZ578256L" failures="0" tests="1" name="com.Shopping.testscenario.TestScenario" time="22.986" errors="0" timestamp="3 Jul 2023 13:07:10 GMT">
  <testcase classname="com.Shopping.testscenario.TestScenario" name="AddCartTest" time="22.986"/>
</testsuite> <!-- com.Shopping.testscenario.TestScenario -->
